0 info it worked if it ends with ok
1 verbose cli [ 'node', '/usr/local/bin/npm', 'install', 'nodemon' ]
2 info using npm@2.1.7
3 info using node@v0.10.31
4 verbose node symlink /usr/local/bin/node
5 silly cache add args [ 'nodemon', null ]
6 verbose cache add spec nodemon
7 silly cache add parsed spec { raw: 'nodemon',
7 silly cache add   scope: null,
7 silly cache add   name: 'nodemon',
7 silly cache add   rawSpec: '',
7 silly cache add   spec: '*',
7 silly cache add   type: 'range' }
8 verbose addNamed nodemon@*
9 silly addNamed semver.valid null
10 silly addNamed semver.validRange *
11 silly addNameRange { name: 'nodemon', range: '*', hasData: false }
12 silly mapToRegistry name nodemon
13 silly mapToRegistry using default registry
14 silly mapToRegistry registry https://registry.npmjs.org/
15 silly mapToRegistry uri https://registry.npmjs.org/nodemon
16 verbose addNameRange registry:https://registry.npmjs.org/nodemon not in flight; fetching
17 verbose request uri https://registry.npmjs.org/nodemon
18 verbose request no auth needed
19 info attempt registry request try #1 at 01:55:22
20 verbose request id 83a63146f38e508d
21 http request GET https://registry.npmjs.org/nodemon
22 http 200 https://registry.npmjs.org/nodemon
23 silly get cb [ 200,
23 silly get   { date: 'Sat, 08 Nov 2014 09:55:23 GMT',
23 silly get     server: 'CouchDB/1.5.0 (Erlang OTP/R16B03)',
23 silly get     etag: '"7XW4CLQNQOU0VB33CRUW2ICCH"',
23 silly get     'content-type': 'application/json',
23 silly get     'cache-control': 'max-age=60',
23 silly get     'content-length': '122586',
23 silly get     'accept-ranges': 'bytes',
23 silly get     via: '1.1 varnish',
23 silly get     age: '0',
23 silly get     'x-served-by': 'cache-lax1421-LAX',
23 silly get     'x-cache': 'HIT',
23 silly get     'x-cache-hits': '1',
23 silly get     'x-timer': 'S1415440523.562215,VS0,VE179',
23 silly get     vary: 'Accept',
23 silly get     'keep-alive': 'timeout=10, max=50',
23 silly get     connection: 'Keep-Alive' } ]
24 silly addNameRange number 2 { name: 'nodemon', range: '*', hasData: true }
25 silly addNameRange versions [ 'nodemon',
25 silly addNameRange   [ '0.1.4',
25 silly addNameRange     '0.1.5',
25 silly addNameRange     '0.1.6',
25 silly addNameRange     '0.1.7',
25 silly addNameRange     '0.1.8',
25 silly addNameRange     '0.2.0',
25 silly addNameRange     '0.2.1',
25 silly addNameRange     '0.2.2',
25 silly addNameRange     '0.3.0',
25 silly addNameRange     '0.3.1',
25 silly addNameRange     '0.3.2',
25 silly addNameRange     '0.4.0',
25 silly addNameRange     '0.4.1',
25 silly addNameRange     '0.5.0',
25 silly addNameRange     '0.5.1',
25 silly addNameRange     '0.5.2',
25 silly addNameRange     '0.5.3',
25 silly addNameRange     '0.5.4',
25 silly addNameRange     '0.5.5',
25 silly addNameRange     '0.5.6',
25 silly addNameRange     '0.5.7',
25 silly addNameRange     '0.6.0',
25 silly addNameRange     '0.6.1',
25 silly addNameRange     '0.6.2',
25 silly addNameRange     '0.6.3',
25 silly addNameRange     '0.6.4',
25 silly addNameRange     '0.6.5',
25 silly addNameRange     '0.6.6',
25 silly addNameRange     '0.6.7',
25 silly addNameRange     '0.6.8',
25 silly addNameRange     '0.6.9',
25 silly addNameRange     '0.6.10',
25 silly addNameRange     '0.6.11',
25 silly addNameRange     '0.6.12',
25 silly addNameRange     '0.6.13',
25 silly addNameRange     '0.6.14',
25 silly addNameRange     '0.6.15',
25 silly addNameRange     '0.6.16',
25 silly addNameRange     '0.6.17',
25 silly addNameRange     '0.6.18',
25 silly addNameRange     '0.6.19',
25 silly addNameRange     '0.6.20',
25 silly addNameRange     '0.6.21',
25 silly addNameRange     '0.6.22',
25 silly addNameRange     '0.6.23',
25 silly addNameRange     '0.7.0',
25 silly addNameRange     '0.7.1',
25 silly addNameRange     '0.7.2',
25 silly addNameRange     '0.7.3',
25 silly addNameRange     '0.7.4',
25 silly addNameRange     '0.7.5',
25 silly addNameRange     '0.7.6',
25 silly addNameRange     '0.7.7',
25 silly addNameRange     '0.7.8',
25 silly addNameRange     '0.7.10',
25 silly addNameRange     '0.9.0',
25 silly addNameRange     '0.9.1',
25 silly addNameRange     '0.9.2',
25 silly addNameRange     '0.9.3',
25 silly addNameRange     '0.9.5',
25 silly addNameRange     '0.9.6',
25 silly addNameRange     '0.9.7',
25 silly addNameRange     '0.9.10',
25 silly addNameRange     '0.9.11',
25 silly addNameRange     '0.9.12',
25 silly addNameRange     '0.9.14',
25 silly addNameRange     '0.9.16',
25 silly addNameRange     '0.9.17',
25 silly addNameRange     '1.0.0',
25 silly addNameRange     '1.0.1',
25 silly addNameRange     '1.0.2',
25 silly addNameRange     '1.0.2-rc',
25 silly addNameRange     '0.6.10-a',
25 silly addNameRange     '1.0.2-rc3',
25 silly addNameRange     '1.0.2-rc4',
25 silly addNameRange     '1.0.3',
25 silly addNameRange     '1.0.4',
25 silly addNameRange     '1.0.5',
25 silly addNameRange     '1.0.6',
25 silly addNameRange     '1.0.7',
25 silly addNameRange     '1.0.8',
25 silly addNameRange     '1.0.9',
25 silly addNameRange     '1.0.10',
25 silly addNameRange     '1.0.11',
25 silly addNameRange     '1.0.12',
25 silly addNameRange     '1.0.13',
25 silly addNameRange     '1.0.14',
25 silly addNameRange     '1.0.15',
25 silly addNameRange     '1.0.16',
25 silly addNameRange     '1.0.17-rc1',
25 silly addNameRange     '1.0.17-rc2',
25 silly addNameRange     '1.0.17',
25 silly addNameRange     '1.0.18',
25 silly addNameRange     '1.0.19',
25 silly addNameRange     '1.0.20',
25 silly addNameRange     '1.1.0-alpha',
25 silly addNameRange     '1.1.0',
25 silly addNameRange     '1.1.1',
25 silly addNameRange     '1.2.0',
25 silly addNameRange     '1.2.1' ] ]
26 verbose addNamed nodemon@1.2.1
27 silly addNamed semver.valid 1.2.1
28 silly addNamed semver.validRange 1.2.1
29 silly mapToRegistry name nodemon
30 silly mapToRegistry using default registry
31 silly mapToRegistry registry https://registry.npmjs.org/
32 silly mapToRegistry uri https://registry.npmjs.org/nodemon
33 verbose addRemoteTarball https://registry.npmjs.org/nodemon/-/nodemon-1.2.1.tgz not in flight; adding
34 verbose addRemoteTarball [ 'https://registry.npmjs.org/nodemon/-/nodemon-1.2.1.tgz',
34 verbose addRemoteTarball   '02a288045652e92350e7d752a8054472ed2c4824' ]
35 info retry fetch attempt 1 at 01:55:23
36 info attempt registry request try #1 at 01:55:23
37 http fetch GET https://registry.npmjs.org/nodemon/-/nodemon-1.2.1.tgz
38 http fetch 200 https://registry.npmjs.org/nodemon/-/nodemon-1.2.1.tgz
39 silly fetchAndShaCheck shasum 02a288045652e92350e7d752a8054472ed2c4824
40 verbose addTmpTarball /var/folders/nd/r5h7_mqd2pz37_kd7x9kc32r0000gn/T/npm-84581-67d6d3a7/registry.npmjs.org/nodemon/-/nodemon-1.2.1.tgz not in flight; adding
41 verbose addTmpTarball already have metadata; skipping unpack for nodemon@1.2.1
42 silly cache afterAdd nodemon@1.2.1
43 verbose afterAdd /Users/StefanMac/.npm/nodemon/1.2.1/package/package.json not in flight; writing
44 verbose afterAdd /Users/StefanMac/.npm/nodemon/1.2.1/package/package.json written
45 silly install resolved [ { name: 'nodemon',
45 silly install resolved     homepage: 'http://nodemon.io',
45 silly install resolved     author: { name: 'Remy Sharp', url: 'http://github.com/remy' },
45 silly install resolved     bin: { nodemon: './bin/nodemon.js' },
45 silly install resolved     engines: { node: '>=0.8' },
45 silly install resolved     repository: { type: 'git', url: 'http://github.com/remy/nodemon.git' },
45 silly install resolved     description: 'Simple monitor script for use during development of a node.js app.',
45 silly install resolved     keywords:
45 silly install resolved      [ 'monitor',
45 silly install resolved        'development',
45 silly install resolved        'restart',
45 silly install resolved        'autoload',
45 silly install resolved        'reload',
45 silly install resolved        'terminal' ],
45 silly install resolved     version: '1.2.1',
45 silly install resolved     preferGlobal: 'true',
45 silly install resolved     licenses: [ [Object] ],
45 silly install resolved     main: './lib/nodemon',
45 silly install resolved     scripts:
45 silly install resolved      { coverage: 'istanbul cover _mocha -- --timeout 30000 --ui bdd --reporter list test/**/*.test.js',
45 silly install resolved        test: 'node_modules/mocha/bin/_mocha --timeout 30000 --ui bdd test/**/*.test.js',
45 silly install resolved        web: 'node web' },
45 silly install resolved     devDependencies:
45 silly install resolved      { connect: '~2.19.1',
45 silly install resolved        mocha: '~1.20.0',
45 silly install resolved        should: '~4.0.0',
45 silly install resolved        istanbul: '~0.2.10',
45 silly install resolved        touch: '~0.0.3',
45 silly install resolved        'coffee-script': '~1.7.1' },
45 silly install resolved     dependencies:
45 silly install resolved      { 'update-notifier': '~0.1.8',
45 silly install resolved        minimatch: '~0.3.0',
45 silly install resolved        'ps-tree': '~0.0.3' },
45 silly install resolved     bugs: { url: 'https://github.com/remy/nodemon/issues' },
45 silly install resolved     _id: 'nodemon@1.2.1',
45 silly install resolved     dist:
45 silly install resolved      { shasum: '02a288045652e92350e7d752a8054472ed2c4824',
45 silly install resolved        tarball: 'http://registry.npmjs.org/nodemon/-/nodemon-1.2.1.tgz' },
45 silly install resolved     _from: 'nodemon@*',
45 silly install resolved     _npmVersion: '1.3.24',
45 silly install resolved     _npmUser: { name: 'remy', email: 'remy@remysharp.com' },
45 silly install resolved     maintainers: [ [Object] ],
45 silly install resolved     directories: {},
45 silly install resolved     _shasum: '02a288045652e92350e7d752a8054472ed2c4824',
45 silly install resolved     _resolved: 'https://registry.npmjs.org/nodemon/-/nodemon-1.2.1.tgz' } ]
46 info install nodemon@1.2.1 into /Users/StefanMac/Caltech/Hackathon/HackSC/speed4me
47 info installOne nodemon@1.2.1
48 verbose installOne of nodemon to /Users/StefanMac/Caltech/Hackathon/HackSC/speed4me not in flight; installing
49 verbose lock using /Users/StefanMac/.npm/_locks/nodemon-e7521985a6525964.lock for /Users/StefanMac/Caltech/Hackathon/HackSC/speed4me/node_modules/nodemon
50 silly install write writing nodemon 1.2.1 to /Users/StefanMac/Caltech/Hackathon/HackSC/speed4me/node_modules/nodemon
51 silly cache addNamed cb nodemon@1.2.1
52 verbose unbuild node_modules/nodemon
53 info preuninstall nodemon@1.2.1
54 info uninstall nodemon@1.2.1
55 verbose unbuild rmStuff nodemon@1.2.1 from /Users/StefanMac/Caltech/Hackathon/HackSC/speed4me/node_modules
56 verbose /Users/StefanMac/Caltech/Hackathon/HackSC/speed4me/node_modules/.bin,[object Object] binRoot
57 verbose gentlyRm verifying that /Users/StefanMac/Caltech/Hackathon/HackSC/speed4me/node_modules/nodemon is managed by npm
58 silly cacheAndTest /Users/StefanMac/Caltech/Hackathon/HackSC/speed4me/node_modules/nodemon is inside /Users/StefanMac/Caltech/Hackathon/HackSC/speed4me/node_modules
59 silly gentlyRm /Users/StefanMac/Caltech/Hackathon/HackSC/speed4me/node_modules/nodemon is managed by npm
60 silly gentlyRm /Users/StefanMac/Caltech/Hackathon/HackSC/speed4me/node_modules/.bin/nodemon is not under /Users/StefanMac/Caltech/Hackathon/HackSC/speed4me/node_modules/nodemon
61 silly gentlyRm checking to see if /Users/StefanMac/Caltech/Hackathon/HackSC/speed4me/node_modules/.bin/nodemon is a link
62 verbose gentlyRm /Users/StefanMac/Caltech/Hackathon/HackSC/speed4me/node_modules/.bin/nodemon is outside /Users/StefanMac/Caltech/Hackathon/HackSC/speed4me/node_modules/nodemon and not a link
63 verbose unlock done using /Users/StefanMac/.npm/_locks/nodemon-e7521985a6525964.lock for /Users/StefanMac/Caltech/Hackathon/HackSC/speed4me/node_modules/nodemon
64 verbose stack Error: Refusing to delete: /Users/StefanMac/Caltech/Hackathon/HackSC/speed4me/node_modules/.bin/nodemon not in /Users/StefanMac/Caltech/Hackathon/HackSC/speed4me/node_modules/nodemon
64 verbose stack     at clobberFail (/usr/local/lib/node_modules/npm/lib/utils/gently-rm.js:162:12)
64 verbose stack     at /usr/local/lib/node_modules/npm/lib/utils/gently-rm.js:73:16
64 verbose stack     at Object.oncomplete (evalmachine.<anonymous>:107:15)
65 verbose cwd /Users/StefanMac/Caltech/Hackathon/HackSC/speed4me
66 error Darwin 13.1.0
67 error argv "node" "/usr/local/bin/npm" "install" "nodemon"
68 error node v0.10.31
69 error npm  v2.1.7
70 error path /Users/StefanMac/Caltech/Hackathon/HackSC/speed4me/node_modules/.bin/nodemon
71 error code EEXIST
72 error Refusing to delete: /Users/StefanMac/Caltech/Hackathon/HackSC/speed4me/node_modules/.bin/nodemon not in /Users/StefanMac/Caltech/Hackathon/HackSC/speed4me/node_modules/nodemon
File exists: /Users/StefanMac/Caltech/Hackathon/HackSC/speed4me/node_modules/.bin/nodemon
Move it away, and try again.
73 verbose exit [ 1, true ]
74 verbose unbuild node_modules/nodemon
75 info preuninstall nodemon@1.2.1
76 info uninstall nodemon@1.2.1
77 verbose unbuild rmStuff nodemon@1.2.1 from /Users/StefanMac/Caltech/Hackathon/HackSC/speed4me/node_modules
78 verbose /Users/StefanMac/Caltech/Hackathon/HackSC/speed4me/node_modules/.bin,[object Object] binRoot
79 verbose gentlyRm verifying that /Users/StefanMac/Caltech/Hackathon/HackSC/speed4me/node_modules/nodemon is managed by npm
80 silly isManaged /Users/StefanMac/Caltech/Hackathon/HackSC/speed4me/node_modules/nodemon is inside /Users/StefanMac/Caltech/Hackathon/HackSC/speed4me/node_modules
81 silly gentlyRm /Users/StefanMac/Caltech/Hackathon/HackSC/speed4me/node_modules/nodemon is managed by npm
82 silly gentlyRm /Users/StefanMac/Caltech/Hackathon/HackSC/speed4me/node_modules/.bin/nodemon is not under /Users/StefanMac/Caltech/Hackathon/HackSC/speed4me/node_modules/nodemon
83 silly gentlyRm checking to see if /Users/StefanMac/Caltech/Hackathon/HackSC/speed4me/node_modules/.bin/nodemon is a link
84 verbose gentlyRm /Users/StefanMac/Caltech/Hackathon/HackSC/speed4me/node_modules/.bin/nodemon is outside /Users/StefanMac/Caltech/Hackathon/HackSC/speed4me/node_modules/nodemon and not a link
85 error error rolling back Error: Refusing to delete: /Users/StefanMac/Caltech/Hackathon/HackSC/speed4me/node_modules/.bin/nodemon not in /Users/StefanMac/Caltech/Hackathon/HackSC/speed4me/node_modules/nodemon
85 error error rolling back     at clobberFail (/usr/local/lib/node_modules/npm/lib/utils/gently-rm.js:162:12)
85 error error rolling back     at /usr/local/lib/node_modules/npm/lib/utils/gently-rm.js:73:16
85 error error rolling back     at Object.oncomplete (evalmachine.<anonymous>:107:15)
85 error error rolling back  { [Error: Refusing to delete: /Users/StefanMac/Caltech/Hackathon/HackSC/speed4me/node_modules/.bin/nodemon not in /Users/StefanMac/Caltech/Hackathon/HackSC/speed4me/node_modules/nodemon]
85 error error rolling back   code: 'EEXIST',
85 error error rolling back   path: '/Users/StefanMac/Caltech/Hackathon/HackSC/speed4me/node_modules/.bin/nodemon' }
